<?xml version="1.0" encoding="UTF-8"?>
<!-- Generated by org.testng.reporters.JUnitReportReporter -->
<testsuite hostname="avinash-PC" name="UsingApachePoi.TestcaseforReadFile" tests="4" failures="0" timestamp="2 Jun 2020 12:27:34 GMT" time="0.011" errors="0">
  <testcase name="Display" time="0.003" classname="UsingApachePoi.TestcaseforReadFile"/>
  <testcase name="Display" time="0.002" classname="UsingApachePoi.TestcaseforReadFile"/>
  <testcase name="Display" time="0.002" classname="UsingApachePoi.TestcaseforReadFile"/>
  <testcase name="Display" time="0.004" classname="UsingApachePoi.TestcaseforReadFile"/>
</testsuite> <!-- UsingApachePoi.TestcaseforReadFile -->
