<?xml version="1.0" encoding="UTF-8"?>
<!-- Generated by org.testng.reporters.JUnitReportReporter -->
<testsuite hostname="avinash-PC" name="AnnotationsPkg.TestAnnotations" tests="3" failures="0" timestamp="3 Jun 2020 04:47:41 GMT" time="0.301" errors="0">
  <testcase name="m3" time="0.003" classname="AnnotationsPkg.TestAnnotations"/>
  <testcase name="m1" time="0.295" classname="AnnotationsPkg.TestAnnotations"/>
  <testcase name="m2" time="0.003" classname="AnnotationsPkg.TestAnnotations"/>
</testsuite> <!-- AnnotationsPkg.TestAnnotations -->
