<?xml version="1.0" encoding="UTF-8"?>
<!-- Generated by org.testng.reporters.JUnitReportReporter -->
<testsuite hostname="avinash-PC" name="TestNGDemo.SignUp" tests="4" failures="0" timestamp="8 Jun 2020 10:39:20 GMT" time="0.087" errors="0">
  <testcase name="positiveTestCase" time="0.003" classname="TestNGDemo.SignUp"/>
  <testcase name="positiveTestCase" time="0.002" classname="TestNGDemo.SignUp"/>
  <testcase name="positiveTestCase" time="0.008" classname="TestNGDemo.SignUp"/>
  <testcase name="negativeTestCase" time="0.074" classname="TestNGDemo.SignUp"/>
</testsuite> <!-- TestNGDemo.SignUp -->
