<?xml version="1.0" encoding="UTF-8"?>
<!-- Generated by org.testng.reporters.JUnitReportReporter -->
<testsuite hostname="avinash-PC" name="TestNGDemo.TestAutomation" tests="3" failures="0" timestamp="5 Jun 2020 08:30:20 GMT" time="0.052" errors="0">
  <testcase name="m5" time="0.031" classname="TestNGDemo.TestAutomation"/>
  <testcase name="m1" time="0.015" classname="TestNGDemo.TestAutomation"/>
  <testcase name="m3" time="0.006" classname="TestNGDemo.TestAutomation"/>
</testsuite> <!-- TestNGDemo.TestAutomation -->
