<?xml version="1.0" encoding="UTF-8"?>
<!-- Generated by org.testng.reporters.JUnitReportReporter -->
<testsuite hostname="avinash-PC" name="TestNGDemo.Smoke" tests="2" failures="0" timestamp="5 Jun 2020 08:27:29 GMT" time="0.098" errors="0">
  <testcase name="display" time="0.029" classname="TestNGDemo.Smoke"/>
  <testcase name="login" time="0.069" classname="TestNGDemo.Smoke"/>
</testsuite> <!-- TestNGDemo.Smoke -->
