<?xml version="1.0" encoding="UTF-8"?>
<!-- Generated by org.testng.reporters.JUnitReportReporter -->
<testsuite hostname="avinash-PC" name="Listener.ListnerTestngDemo" tests="2" failures="0" timestamp="2 Jun 2020 12:27:34 GMT" time="0.005" errors="0">
  <testcase name="m2" time="0.002" classname="Listener.ListnerTestngDemo"/>
  <testcase name="m1" time="0.003" classname="Listener.ListnerTestngDemo"/>
</testsuite> <!-- Listener.ListnerTestngDemo -->
