<?xml version="1.0" encoding="UTF-8"?>
<!-- Generated by org.testng.reporters.JUnitReportReporter -->
<testsuite hostname="avinash-PC" name="TestNGDemo.StaticClassMethod" tests="2" failures="0" timestamp="5 Jun 2020 08:28:41 GMT" time="0.034" errors="0">
  <testcase name="account" time="0.028" classname="TestNGDemo.StaticClassMethod"/>
  <testcase name="m1" time="0.006" classname="TestNGDemo.StaticClassMethod"/>
</testsuite> <!-- TestNGDemo.StaticClassMethod -->
