<?xml version="1.0" encoding="UTF-8"?>
<!-- Generated by org.testng.reporters.JUnitReportReporter -->
<testsuite hostname="avinash-PC" name="Testcases.SampleTest" tests="5" failures="0" timestamp="2 Jun 2020 12:27:34 GMT" time="0.009" errors="0">
  <testcase name="m1" time="0.002" classname="Testcases.SampleTest"/>
  <testcase name="m1" time="0.001" classname="Testcases.SampleTest"/>
  <testcase name="m1" time="0.002" classname="Testcases.SampleTest"/>
  <testcase name="m1" time="0.003" classname="Testcases.SampleTest"/>
  <testcase name="m1" time="0.001" classname="Testcases.SampleTest"/>
</testsuite> <!-- Testcases.SampleTest -->
