<?xml version="1.0" encoding="UTF-8"?>
<!-- Generated by org.testng.reporters.JUnitReportReporter -->
<testsuite hostname="avinash-PC" name="crossBrowsertestCase.Verify_Browser" tests="2" failures="0" timestamp="2 Jun 2020 12:27:34 GMT" time="0.008" errors="0">
  <testcase name="SignIn" time="0.004" classname="crossBrowsertestCase.Verify_Browser"/>
  <testcase name="SignIn" time="0.004" classname="crossBrowsertestCase.Verify_Browser"/>
</testsuite> <!-- crossBrowsertestCase.Verify_Browser -->
