<?xml version="1.0" encoding="UTF-8"?>
<!-- Generated by org.testng.reporters.JUnitReportReporter -->
<testsuite hostname="avinash-PC" name="TestNGDemo.ClassB" tests="6" failures="0" timestamp="2 Jun 2020 12:27:34 GMT" time="0.021" errors="0">
  <testcase name="m3" time="0.001" classname="TestNGDemo.ClassB"/>
  <testcase name="m4" time="0.003" classname="TestNGDemo.ClassB"/>
  <testcase name="m1" time="0.002" classname="TestNGDemo.ClassB"/>
  <testcase name="m6" time="0.004" classname="TestNGDemo.ClassB"/>
  <testcase name="m2" time="0.001" classname="TestNGDemo.ClassB"/>
  <testcase name="m5" time="0.010" classname="TestNGDemo.ClassB"/>
</testsuite> <!-- TestNGDemo.ClassB -->
