<?xml version="1.0" encoding="UTF-8"?>
<!-- Generated by org.testng.reporters.JUnitReportReporter -->
<testsuite hostname="avinash-PC" name="Data_Driven_Testing.ByUsing_ApachePoi" tests="4" failures="0" timestamp="2 Jun 2020 12:27:34 GMT" time="0.022" errors="0">
  <testcase name="SignIn" time="0.002" classname="Data_Driven_Testing.ByUsing_ApachePoi"/>
  <testcase name="SignIn" time="0.003" classname="Data_Driven_Testing.ByUsing_ApachePoi"/>
  <testcase name="SignIn" time="0.002" classname="Data_Driven_Testing.ByUsing_ApachePoi"/>
  <testcase name="SignIn" time="0.015" classname="Data_Driven_Testing.ByUsing_ApachePoi"/>
</testsuite> <!-- Data_Driven_Testing.ByUsing_ApachePoi -->
